client/build/app/outputs/mapping/release/usage.txt
com.example.bling.R$layout
com.example.bling.R$dimen
com.example.bling.R$color
com.example.bling.R$string
com.example.bling.R$attr
com.example.bling.BuildConfig
com.example.bling.R$integer
com.example.bling.R$mipmap
com.example.bling.R$styleable
com.example.bling.R
com.example.bling.R$drawable
com.example.bling.R$id
com.example.bling.R$style
...
kotlin.sequences.TransformingIndexedSequence$iterator$1
kotlin.LazyKt$WhenMappings
androidx.annotation.IntRange
kotlin.reflect.KClass
androidx.core.text.BidiFormatter$DirectionalityEstimator
io.flutter.plugin.common.MethodChannel:
    public void <init>(io.flutter.plugin.common.BinaryMessenger,java.lang.String)
    public void resizeChannelBuffer(int)
    private static final java.lang.String TAG
kotlin.collections.LongIterator
org.jetbrains.annotations.TestOnly
kotlin.collections.AbstractMap$keys$1
kotlin.properties.NotNullVar
androidx.customview.view.AbsSavedState$1
kotlin.jvm.internal.MutablePropertyReference2Impl
kotlin.collections.CollectionsKt___CollectionsKt$withIndex$1
kotlin.time.ClockMark
kotlin.sequences.SequencesKt___SequencesJvmKt
kotlin.collections.MapsKt__MapsKt
kotlin.collections.FloatIterator
kotlin.NotImplementedError
kotlin.coroutines.intrinsics.IntrinsicsKt__IntrinsicsJvmKt$createCoroutineUnintercepted$$inlined$createCoroutineFromSuspendFunction$IntrinsicsKt__IntrinsicsJvmKt$2
kotlin.jvm.JvmName
kotlin.jvm.functions.Function2
kotlin.ranges.CharProgression
kotlin.io.ByteStreamsKt
kotlin.text.StringsKt__RegexExtensionsKt
org.intellij.lang.annotations.JdkConstants$TabLayoutPolicy
kotlin.comparisons.UComparisonsKt
kotlin.comparisons.ComparisonsKt___ComparisonsJvmKt
kotlin.collections.ArraysKt___ArraysKt$withIndex$2
kotlin.collections.CollectionsKt__IteratorsJVMKt
kotlin.collections.SetsKt__SetsJVMKt
kotlin.jvm.functions.Function14
kotlin.io.TextStreamsKt$readLines$1
androidx.core.widget.ListViewCompat
kotlin.time.TestClock
androidx.core.R$dimen
kotlin.coroutines.experimental.migration.ContextMigration$Key
androidx.core.view.ViewCompat$FocusRealDirection
io.flutter.embedding.engine.FlutterEngineGroup$1
kotlin.io.LinesSequence$iterator$1
io.flutter.embedding.android.FlutterEngineProvider
androidx.core.math.MathUtils
androidx.core.os.TraceCompat
kotlin.sequences.SequencesKt___SequencesJvmKt$filterIsInstance$1
androidx.core.app.JobIntentService$GenericWorkItem
kotlin.ExperimentalStdlibApi
io.flutter.embedding.engine.plugins.shim.ShimPluginRegistry
androidx.core.app.ActivityCompat
kotlin.coroutines.CoroutineContext
androidx.core.provider.SelfDestructiveThread$2$1
androidx.viewpager.widget.PagerTitleStrip$SingleLineAllCapsTransform
kotlin.comparisons.ComparisonsKt___ComparisonsKt
org.intellij.lang.annotations.JdkConstants$TitledBorderTitlePosition
kotlin.collections.unsigned.UArraysKt___UArraysJvmKt
androidx.core.widget.ContentLoadingProgressBar$1
kotlin.collections.AbstractMap$values$1$iterator$1
androidx.viewpager.widget.ViewPager$PagerObserver
androidx.customview.widget.FocusStrategy$CollectionAdapter
androidx.core.view.accessibility.AccessibilityViewCommand
androidx.core.util.ObjectsCompat
android.support.v4.os.ResultReceiver$1
androidx.annotation.WorkerThread
org.jetbrains.annotations.Nullable
kotlin.text.StringsKt__StringsKt$splitToSequence$1
kotlin.coroutines.jvm.internal.CompletedContinuation
io.flutter.plugin.common.PluginRegistry$Registrar
androidx.lifecycle.ViewModelProvider$AndroidViewModelFactory
kotlin.internal.NoInfer
kotlin.ExceptionsKt__ExceptionsKt
kotlin.ranges.RangesKt___RangesKt
androidx.fragment.app.FragmentTabHost$SavedState$1
kotlin.WasExperimental
kotlin.jvm.internal.DoubleCompanionObject
androidx.core.text.PrecomputedTextCompat$Params$Builder
kotlin.collections.ArraysKt___ArraysKt$asIterable$$inlined$Iterable$5
kotlin.collections.GroupingKt__GroupingKt
androidx.annotation.DrawableRes
io.flutter.plugin.platform.PlatformViewRegistryImpl:
    public boolean registerViewFactory(java.lang.String,io.flutter.plugin.platform.PlatformViewFactory)
androidx.core.app.ServiceCompat$StopForegroundFlags
androidx.loader.R$style
kotlin.UIntArray$Iterator
kotlin.collections.ArraysKt
androidx.core.net.ConnectivityManagerCompat
kotlin.comparisons.ComparisonsKt__ComparisonsKt$compareBy$1
kotlin.text.MatcherMatchResult$groupValues$1
androidx.core.content.res.ResourcesCompat$FontCallback$2